<?xml version="1.0" encoding="UTF-8"?>
<testng-results ignored="0" total="1" passed="1" failed="0" skipped="0">
  <reporter-output>
  </reporter-output>
  <suite started-at="2024-11-17T21:17:53 IST" name="Suite" finished-at="2024-11-17T21:18:34 IST" duration-ms="40460">
    <groups>
    </groups>
    <test started-at="2024-11-17T21:17:53 IST" name="Test" finished-at="2024-11-17T21:18:34 IST" duration-ms="40460">
      <class name="TestCases.TC_001_LoginTest">
        <test-method is-config="true" signature="setUp(java.lang.String)[pri:0, instance:TestCases.TC_001_LoginTest@4681c175]" started-at="2024-11-17T21:17:53 IST" name="setUp" finished-at="2024-11-17T21:18:03 IST" duration-ms="9885" status="PASS">
          <params>
            <param index="0">
              <value>
                <![CDATA[chrome]]>
              </value>
            </param>
          </params>
          <reporter-output>
          </reporter-output>
        </test-method> <!-- setUp -->
        <test-method signature="testValidLogin()[pri:0, instance:TestCases.TC_001_LoginTest@4681c175]" started-at="2024-11-17T21:18:03 IST" name="testValidLogin" finished-at="2024-11-17T21:18:34 IST" duration-ms="30426" status="PASS">
          <reporter-output>
          </reporter-output>
        </test-method> <!-- testValidLogin -->
        <test-method is-config="true" signature="tearDown()[pri:0, instance:TestCases.TC_001_LoginTest@4681c175]" started-at="2024-11-17T21:18:34 IST" name="tearDown" finished-at="2024-11-17T21:18:34 IST" duration-ms="1" status="PASS">
          <reporter-output>
          </reporter-output>
        </test-method> <!-- tearDown -->
      </class> <!-- TestCases.TC_001_LoginTest -->
    </test> <!-- Test -->
  </suite> <!-- Suite -->
</testng-results>
